
> client@0.0.0 build
> tsc && vite build

[36mvite v4.3.9 [32mbuilding for production...[36m[39m
transforming...

[35m🌼 daisyUI 3.1.1[0m [0mhttps://daisyui.com
╰╮
 ╰─ [32m✔︎[0m [2m[ [0m3[2m ][0m themes are enabled. You can add more themes or make your own theme:
      https://daisyui.com/docs/themes

[32m    ❤︎ Support daisyUI[0m: https://opencollective.com/daisyui[0m

../node_modules/@lottiefiles/react-lottie-player/dist/lottie-react.esm.js (15:274183) Use of eval in "../node_modules/@lottiefiles/react-lottie-player/dist/lottie-react.esm.js" is strongly discouraged as it poses security risks and may cause issues with minification.
[32m✓[39m 299 modules transformed.
rendering chunks...
computing gzip size...
[2mdist/[22m[32mindex.html                      [39m[1m[2m  0.48 kB[22m[1m[22m[2m │ gzip:   0.31 kB[22m
[2mdist/[22m[32massets/background-a417ee61.svg  [39m[1m[2m  1.22 kB[22m[1m[22m[2m │ gzip:   0.50 kB[22m
[2mdist/[22m[32massets/whatsapp-81c6fc71.svg    [39m[1m[2m  2.49 kB[22m[1m[22m[2m │ gzip:   1.17 kB[22m
[2mdist/[22m[35massets/index-14cf69dd.css       [39m[1m[2m 52.37 kB[22m[1m[22m[2m │ gzip:   8.83 kB[22m
[2mdist/[22m[36massets/index-d85afddc.js        [39m[1m[33m857.46 kB[39m[22m[2m │ gzip: 226.94 kB[22m
[33m
(!) Some chunks are larger than 500 kBs after minification. Consider:
- Using dynamic import() to code-split the application
- Use build.rollupOptions.output.manualChunks to improve chunking: https://rollupjs.org/configuration-options/#output-manualchunks
- Adjust chunk size limit for this warning via build.chunkSizeWarningLimit.[39m
[32m✓ built in 9.12s[39m
